{
  "metadata": {
    "timestamp": "2025-09-12T08:25:12.248477",
    "total_duration": 219.262536,
    "python_version": "3.13.2",
    "platform": "win32"
  },
  "statistics": {
    "total_tests": 6,
    "passed_tests": 4,
    "failed_tests": 2,
    "error_tests": 0,
    "timeout_tests": 0,
    "total_successes": 0,
    "total_errors": 2,
    "success_rate": 66.66666666666666
  },
  "results": [
    {
      "file": "E:\\Projects\\monitor_2025\\tests\\01.test-models-with-db-mẫu.py",
      "name": "01.test-models-with-db-mẫu",
      "status": "PASSED",
      "successes": 0,
      "errors": 0,
      "duration": 2.636328,
      "start_time": "",
      "end_time": "",
      "summary": "",
      "error_messages": [],
      "exit_code": 0,
      "raw_output": ""
    },
    {
      "file": "E:\\Projects\\monitor_2025\\tests\\02.test-create-local-db.py",
      "name": "02.test-create-local-db",
      "status": "PASSED",
      "successes": 0,
      "errors": 0,
      "duration": 1.932113,
      "start_time": "",
      "end_time": "",
      "summary": "",
      "error_messages": [],
      "exit_code": 0,
      "raw_output": ""
    },
    {
      "file": "E:\\Projects\\monitor_2025\\tests\\03.test-api-endpoints-create-new-console-ok.py",
      "name": "03.test-api-endpoints-create-new-console-ok",
      "status": "PASSED",
      "successes": 0,
      "errors": 0,
      "duration": 35.298007,
      "start_time": "",
      "end_time": "",
      "summary": "",
      "error_messages": [],
      "exit_code": 0,
      "raw_output": ""
    },
    {
      "file": "E:\\Projects\\monitor_2025\\tests\\05.test-enable-disable.py",
      "name": "05.test-enable-disable",
      "status": "PASSED",
      "successes": 0,
      "errors": 0,
      "duration": 55.105095,
      "start_time": "",
      "end_time": "",
      "summary": "",
      "error_messages": [],
      "exit_code": 0,
      "raw_output": ""
    },
    {
      "file": "E:\\Projects\\monitor_2025\\tests\\06.test-webhook-alerts.py",
      "name": "06.test-webhook-alerts",
      "status": "FAILED",
      "successes": 0,
      "errors": 1,
      "duration": 100.540687,
      "start_time": "",
      "end_time": "",
      "summary": "",
      "error_messages": [],
      "exit_code": 1,
      "raw_output": ""
    },
    {
      "file": "E:\\Projects\\monitor_2025\\tests\\07.test-telegram-alerts.py",
      "name": "07.test-telegram-alerts",
      "status": "FAILED",
      "successes": 0,
      "errors": 1,
      "duration": 18.738823,
      "start_time": "",
      "end_time": "",
      "summary": "",
      "error_messages": [],
      "exit_code": 1,
      "raw_output": ""
    }
  ]
}