{
  "metadata": {
    "timestamp": "2025-09-12T19:48:34.018505",
    "total_duration": 107.543138,
    "python_version": "3.13.2",
    "platform": "win32"
  },
  "statistics": {
    "total_tests": 7,
    "passed_tests": 2,
    "failed_tests": 5,
    "error_tests": 0,
    "timeout_tests": 0,
    "total_successes": 113,
    "total_errors": 7,
    "success_rate": 28.57142857142857,
    "assertion_success_rate": 94.16666666666667,
    "average_test_duration": 15.363305428571428,
    "fastest_test": "02.test-create-local-db",
    "slowest_test": "07.test-telegram-alerts"
  },
  "results": [
    {
      "file": "E:\\Projects\\monitor_2025\\tests\\01.test-models-with-db-máº«u.py",
      "name": "01.test-models-with-db-máº«u",
      "status": "PASSED",
      "successes": 85,
      "errors": 0,
      "duration": 2.379846,
      "start_time": "2025-09-12 19:46:48",
      "end_time": "2025-09-12 19:46:48",
      "summary": "================================================================================\nâœ… Successes: 85\nâš ï¸ Warnings:  1\nâŒ Errors:    0",
      "error_messages": [
        "âŒ Errors:    0"
      ],
      "exit_code": 0,
      "raw_output": "ğŸ”— Database: MYSQL on 12.0.0.54:3306/glx_monitor_v2\nğŸš€ Starting Model-Database Compatibility Test...\nğŸ§ª MODEL-DATABASE COMPATIBILITY TEST\nğŸ•’ Test started at: 2025-09-12 19:46:48\n================================================================================\n\n======================================================================\nTEST 1: DATABASE CONNECTION\n======================================================================\nâœ… Database connection successful\nâœ… Database version: 10.6.22-MariaDB-0ubuntu0.22.04.1-log\n\n======================================================================\nTEST 2: TABLE EXISTENCE\n======================================================================\nğŸ“‹ Expected tables: ['monitor_items', 'monitor_configs', 'monitor_and_configs', 'monitor_settings', 'users']\nğŸ“‹ Database tables: ['affiliate_logs', 'asset_categories', 'assets', 'block_uis', 'cache_key_value', 'cache_key_values', 'cart_items', 'carts', 'categories', 'change_logs', 'cloud_group', 'cloud_servers', 'cloud_transfer', 'conference_cats', 'conference_infos', 'cost_items', 'crm_app_infos', 'crm_message_groups', 'crm_messages', 'demo_and_tag_tbls', 'demo_folder_tbls', 'demo_sub1s', 'demo_tbls', 'department_events', 'department_users', 'departments', 'don_vi_hanh_chinhs', 'download_logs', 'event_and_users', 'event_face_infos', 'event_infos', 'event_registers', 'event_send_actions', 'event_send_email_logs', 'event_send_info_logs', 'event_send_sms_logs', 'event_settings', 'event_user_groups', 'event_user_infos', 'event_user_payments', 'face_data', 'file_clouds', 'file_refers', 'file_share_permissions', 'file_uploads', 'folder_files', 'gia_pha_users', 'gia_phas', 'log_users', 'media_actors', 'media_authors', 'media_cats', 'media_folders', 'media_items', 'media_links', 'media_vendors', 'members_members', 'menu_trees', 'menus', 'migrations', 'model_meta_infos', 'money_and_tags', 'money_logs', 'money_tags', 'monitor_and_configs', 'monitor_configs', 'monitor_items', 'monitor_settings', 'my_document_cats', 'my_documents', 'my_tree_infos', 'network_marketings', 'news', 'news_folders', 'notifications', 'ocr_images', 'order_infos', 'order_items', 'order_ships', 'partner_infos', 'pay_moneylogs', 'payments', 'permission_role', 'permissions', 'personal_access_tokens', 'plan_define_values', 'plan_defines', 'plan_names', 'product_attributes', 'product_folders', 'product_images', 'product_tags', 'product_usages', 'product_variant_options', 'product_variants', 'products', 'quiz_choices', 'quiz_classes', 'quiz_flash_cards', 'quiz_folders', 'quiz_questions', 'quiz_session_info_tests', 'quiz_test_questions', 'quiz_tests', 'quiz_user_and_tests', 'quiz_user_answers', 'quiz_user_classes', 'rand_table', 'role_user', 'roles', 'site_mngs', 'skus', 'skus_product_variant_options', 'spendings', 'tag_demos', 'tags', 'task_infos', 'telesales', 'telescope_entries', 'telescope_entries_tags', 'telescope_monitoring', 'test_mongo1s', 'tmp_download_sessions', 'todo2s', 'transport_infos', 'tree_mng_col_fixes', 'typing_lessons', 'typing_test_results', 'uploader_infos', 'user_clouds', 'user_groups', 'users', 'zalo_messages']\nâœ… Table 'monitor_items' exists\nâœ… Table 'monitor_configs' exists\nâœ… Table 'monitor_and_configs' exists\nâœ… Table 'monitor_settings' exists\nâœ… Table 'users' exists\nâš ï¸ Extra tables in database (not in models): ['product_folders', 'change_logs', 'quiz_flash_cards', 'pay_moneylogs', 'my_tree_infos', 'ocr_images', 'quiz_test_questions', 'money_logs', 'event_user_payments', 'tmp_download_sessions', 'quiz_folders', 'file_share_permissions', 'media_folders', 'conference_cats', 'media_items', 'order_infos', 'event_send_sms_logs', 'product_variant_options', 'products', 'cloud_group', 'task_infos', 'migrations', 'telescope_monitoring', 'my_document_cats', 'media_actors', 'event_registers', 'news_folders', 'face_data', 'asset_categories', 'file_refers', 'order_ships', 'tag_demos', 'gia_pha_users', 'transport_infos', 'departments', 'department_users', 'payments', 'event_send_info_logs', 'event_user_groups', 'roles', 'media_authors', 'money_and_tags', 'media_links', 'personal_access_tokens', 'quiz_user_classes', 'event_send_actions', 'demo_and_tag_tbls', 'user_clouds', 'assets', 'event_settings', 'plan_names', 'log_users', 'test_mongo1s', 'menu_trees', 'demo_tbls', 'department_events', 'cart_items', 'file_clouds', 'cache_key_values', 'don_vi_hanh_chinhs', 'event_send_email_logs', 'typing_test_results', 'telescope_entries_tags', 'folder_files', 'todo2s', 'quiz_classes', 'partner_infos', 'money_tags', 'product_images', 'typing_lessons', 'event_user_infos', 'zalo_messages', 'spendings', 'crm_messages', 'user_groups', 'cache_key_value', 'event_and_users', 'notifications', 'demo_sub1s', 'product_tags', 'telesales', 'media_vendors', 'conference_infos', 'cloud_transfer', 'quiz_session_info_tests', 'product_attributes', 'tags', 'uploader_infos', 'plan_defines', 'quiz_user_and_tests', 'menus', 'tree_mng_col_fixes', 'download_logs', 'news', 'quiz_user_answers', 'cost_items', 'block_uis', 'carts', 'product_variants', 'file_uploads', 'categories', 'members_members', 'quiz_questions', 'skus_product_variant_options', 'skus', 'my_documents', 'media_cats', 'permissions', 'crm_message_groups', 'affiliate_logs', 'rand_table', 'permission_role', 'product_usages', 'cloud_servers', 'quiz_choices', 'site_mngs', 'plan_define_values', 'role_user', 'telescope_entries', 'gia_phas', 'order_items', 'model_meta_infos', 'demo_folder_tbls', 'network_marketings', 'event_face_infos', 'crm_app_infos', 'quiz_tests', 'event_infos']\n\n======================================================================\nTEST 3-5: DETAILED TABLE ANALYSIS\n======================================================================\n\nğŸ” Testing table: monitor_items (MonitorItem)\n--------------------------------------------------\n\n--- Testing table: monitor_items ---\nğŸ“Š Model has 22 columns, DB has 22 columns\nâœ…   Column 'id': INTEGER â†” BIGINT\n    âœ“ nullable: False\nâœ…   Column 'name': VARCHAR(255) â†” VARCHAR(255)\n    âœ“ nullable: True\nâœ…   Column 'enable': INTEGER â†” TINYINT\n    âœ“ nullable: True\nâœ…   Column 'last_check_status': INTEGER â†” SMALLINT\n    âœ“ nullable: True\nâœ…   Column 'url_check': VARCHAR(500) â†” VARCHAR(500)\n    âœ“ nullable: True\nâœ…   Column 'type': VARCHAR(64) â†” VARCHAR(32)\n    âœ“ nullable: True\nâœ…   Column 'maxAlertCount': INTEGER â†” BIGINT\n    âœ“ nullable: True\nâœ…   Column 'user_id': INTEGER â†” BIGINT\n    âœ“ nullable: True\nâœ…   Column 'created_at': DATETIME â†” DATETIME\n    âœ“ nullable: True\nâœ…   Column 'deleted_at': DATETIME â†” DATETIME\n    âœ“ nullable: True\nâœ…   Column 'updated_at': DATETIME â†” DATETIME\n    âœ“ nullable: True\nâœ…   Column 'check_interval_seconds': INTEGER â†” BIGINT\n    âœ“ nullable: True\nâœ…   Column 'result_valid': VARCHAR(1024) â†” VARCHAR(1024)\n    âœ“ nullable: True\nâœ…   Column 'result_error': VARCHAR(1024) â†” VARCHAR(1024)\n    âœ“ nullable: True\nâœ…   Column 'stopTo': DATETIME â†” DATETIME\n    âœ“ nullable: True\nâœ…   Column 'pingType': INTEGER â†” BIGINT\n    âœ“ nullable: True\nâœ…   Column 'log': TEXT â†” TEXT\n    âœ“ nullable: True\nâœ…   Column 'last_check_time': DATETIME â†” DATETIME\n    âœ“ nullable: True\nâœ…   Column 'queuedSendStr': TEXT â†” TEXT\n    âœ“ nullable: True\nâœ…   Column 'forceRestart': INTEGER â†” TINYINT\n    âœ“ nullable: True\nâœ…   Column 'count_online': INTEGER â†” BIGINT\n    âœ“ nullable: False\nâœ…   Column 'count_offline': INTEGER â†” BIGINT\n    âœ“ nullable: False\nâœ…   Primary key MATCH: ['id']\nâœ…   Sample data: 10 rows found\n    ğŸ“„ Sample row: {'id': 6, 'name': 'Check SSL Test', 'enable': 1, 'last_check_status': 1, 'url_check': 'https://sale.galaxycloud.vn', 'type': 'ssl_expired_check', 'maxAlertCount': None, 'user_id': 1, 'created_at': datetime.datetime(2025, 9, 8, 7, 1, 59), 'deleted_at': None, 'updated_at': datetime.datetime(2025, 9, 12, 19, 30, 22), 'check_interval_seconds': 43200, 'result_valid': None, 'result_error': None, 'stopTo': None, 'pingType': 1, 'log': None, 'last_check_time': datetime.datetime(2025, 9, 12, 19, 30, 22), 'queuedSendStr': None, 'forceRestart': 0, 'count_online': 130, 'count_offline': 9}\n\nğŸ” Testing table: monitor_configs (MonitorConfig)\n--------------------------------------------------\n\n--- Testing table: monitor_configs ---\nğŸ“Š Model has 11 columns, DB has 11 columns\nâœ…   Column 'id': INTEGER â†” BIGINT\n    âœ“ nullable: False\nâœ…   Column 'name': VARCHAR(128) â†” VARCHAR(128)\n    âœ“ nullable: False\nâœ…   Column 'user_id': INTEGER â†” BIGINT\n    âœ“ nullable: True\nâœ…   Column 'status': INTEGER â†” BIGINT\n    âœ“ nullable: True\nâœ…   Column 'created_at': DATETIME â†” TIMESTAMP\n    âœ“ nullable: True\nâœ…   Column 'updated_at': DATETIME â†” TIMESTAMP\n    âœ“ nullable: True\nâœ…   Column 'deleted_at': DATETIME â†” TIMESTAMP\n    âœ“ nullable: True\nâœ…   Column 'image_list': VARCHAR(255) â†” VARCHAR(256)\n    âœ“ nullable: True\nâœ…   Column 'log': TEXT â†” TEXT\n    âœ“ nullable: True\nâœ…   Column 'alert_type': VARCHAR(64) â†” VARCHAR(64)\n    âœ“ nullable: True\nâœ…   Column 'alert_config': TEXT â†” TEXT\n    âœ“ nullable: True\nâœ…   Primary key MATCH: ['id']\nâœ…   Sample data: 4 rows found\n    ğŸ“„ Sample row: {'id': 1, 'name': 'Telegram LAD', 'user_id': 1, 'status': 1, 'created_at': datetime.datetime(2025, 9, 7, 7, 32, 30), 'updated_at': datetime.datetime(2025, 9, 8, 16, 43, 40), 'deleted_at': None, 'image_list': None, 'log': None, 'alert_type': 'telegram', 'alert_config': '8040174107:AAE-XqU-XaV0Y7v30pjZgbfGzHq88LQx0HQ,-4878499254'}\n\nğŸ” Testing table: monitor_and_configs (MonitorAndConfig)\n--------------------------------------------------\n\n--- Testing table: monitor_and_configs ---\nğŸ“Š Model has 5 columns, DB has 5 columns\nâœ…   Column 'id': INTEGER â†” BIGINT\n    âœ“ nullable: False\nâœ…   Column 'monitor_item_id': INTEGER â†” BIGINT\n    âœ“ nullable: False\nâœ…   Column 'config_id': INTEGER â†” BIGINT\n    âœ“ nullable: False\nâœ…   Column 'created_at': DATETIME â†” DATETIME\n    âœ“ nullable: True\nâœ…   Column 'updated_at': DATETIME â†” DATETIME\n    âœ“ nullable: True\nâœ…   Primary key MATCH: ['id']\nâœ…   Sample data: 9 rows found\n    ğŸ“„ Sample row: {'id': 57, 'monitor_item_id': 10, 'config_id': 3, 'created_at': datetime.datetime(2025, 9, 8, 13, 10, 52), 'updated_at': datetime.datetime(2025, 9, 8, 13, 10, 52)}\n\nğŸ” Testing table: monitor_settings (MonitorSettings)\n--------------------------------------------------\n\n--- Testing table: monitor_settings ---\nğŸ“Š Model has 10 columns, DB has 10 columns\nâœ…   Column 'id': INTEGER â†” BIGINT\n    âœ“ nullable: False\nâœ…   Column 'user_id': INTEGER â†” BIGINT\n    âœ“ nullable: True\nâœ…   Column 'status': INTEGER â†” BIGINT\n    âœ“ nullable: True\nâœ…   Column 'created_at': DATETIME â†” TIMESTAMP\n    âœ“ nullable: True\nâœ…   Column 'updated_at': DATETIME â†” TIMESTAMP\n    âœ“ nullable: True\nâœ…   Column 'deleted_at': DATETIME â†” TIMESTAMP\n    âœ“ nullable: True\nâœ…   Column 'log': TEXT â†” TEXT\n    âœ“ nullable: True\nâœ…   Column 'alert_time_ranges': VARCHAR(64) â†” VARCHAR(64)\n    âœ“ nullable: True\nâœ…   Column 'timezone': INTEGER â†” SMALLINT\n    âœ“ nullable: True\nâœ…   Column 'global_stop_alert_to': DATETIME â†” DATETIME\n    âœ“ nullable: True\nâœ…   Primary key MATCH: ['id']\nâœ…   Sample data: 3 rows found\n    ğŸ“„ Sample row: {'id': 7, 'user_id': 1, 'status': 1, 'created_at': datetime.datetime(2025, 9, 9, 22, 24, 58), 'updated_at': datetime.datetime(2025, 9, 11, 23, 42, 25), 'deleted_at': None, 'log': None, 'alert_time_ranges': '05:30-23:00', 'timezone': 7, 'global_stop_alert_to': None}\n\nğŸ” Testing table: users (User)\n--------------------------------------------------\n\n--- Testing table: users ---\nğŸ“Š Model has 20 columns, DB has 20 columns\nâœ…   Column 'id': INTEGER â†” BIGINT\n    âœ“ nullable: False\nâœ…   Column 'old_id': INTEGER â†” BIGINT\n    âœ“ nullable: True\nâœ…   Column 'id__': VARCHAR(255) â†” VARCHAR(32)\n    âœ“ nullable: True\nâœ…   Column 'username': VARCHAR(255) â†” VARCHAR(255)\n    âœ“ nullable: True\nâœ…   Column 'password': VARCHAR(255) â†” VARCHAR(255)\n    âœ“ nullable: True\nâœ…   Column 'email': VARCHAR(255) â†” VARCHAR(255)\n    âœ“ nullable: False\nâœ…   Column 'phone_number': INTEGER â†” BIGINT\n    âœ“ nullable: True\nâœ…   Column 'created_at': DATETIME â†” TIMESTAMP\n    âœ“ nullable: True\nâœ…   Column 'updated_at': DATETIME â†” TIMESTAMP\n    âœ“ nullable: True\nâœ…   Column 'is_admin': INTEGER â†” BIGINT\n    âœ“ nullable: True\nâœ…   Column 'deleted_at': DATETIME â†” TIMESTAMP\n    âœ“ nullable: True\nâœ…   Column 'token_user': VARCHAR(255) â†” VARCHAR(255)\n    âœ“ nullable: True\nâœ…   Column 'site_id': INTEGER â†” BIGINT\n    âœ“ nullable: True\nâœ…   Column 'name': VARCHAR(255) â†” VARCHAR(128)\n    âœ“ nullable: True\nâœ…   Column 'remember_token': VARCHAR(100) â†” VARCHAR(100)\n    âœ“ nullable: True\nâœ…   Column 'email_active_at': DATETIME â†” TIMESTAMP\n    âœ“ nullable: True\nâœ…   Column 'reg_str': VARCHAR(256) â†” VARCHAR(256)\n    âœ“ nullable: True\nâœ…   Column 'log': TEXT â†” TEXT\n    âœ“ nullable: True\nâœ…   Column 'reset_pw': VARCHAR(255) â†” VARCHAR(128)\n    âœ“ nullable: True\nâœ…   Column 'avatar': VARCHAR(128) â†” VARCHAR(128)\n    âœ“ nullable: True\nâœ…   Primary key MATCH: ['id']\nâœ…   Sample data: 3 rows found\n    ğŸ“„ Sample row: {'id': 1, 'old_id': None, 'id__': 'jf155074', 'username': 'dungla2011_gmail_com', 'password': None, 'email': 'dungla2011@gmail.com', 'phone_number': None, 'created_at': datetime.datetime(2025, 9, 6, 13, 10, 55), 'updated_at': datetime.datetime(2025, 9, 6, 13, 10, 55), 'is_admin': 1, 'deleted_at': None, 'token_user': None, 'site_id': 0, 'name': None, 'remember_token': None, 'email_active_at': datetime.datetime(2025, 9, 6, 13, 10, 55), 'reg_str': None, 'log': '\\n#2025-09-06 13:10:55#update new id__ jf155074', 'reset_pw': None, 'avatar': None}\n\n================================================================================\nğŸ“Š TEST SUMMARY\n================================================================================\nâœ… Successes: 85\nâš ï¸ Warnings:  1\nâŒ Errors:    0\n\nâš ï¸ WARNINGS (1):\n   1. Extra tables in database (not in models): ['product_folders', 'change_logs', 'quiz_flash_cards', 'pay_moneylogs', 'my_tree_infos', 'ocr_images', 'quiz_test_questions', 'money_logs', 'event_user_payments', 'tmp_download_sessions', 'quiz_folders', 'file_share_permissions', 'media_folders', 'conference_cats', 'media_items', 'order_infos', 'event_send_sms_logs', 'product_variant_options', 'products', 'cloud_group', 'task_infos', 'migrations', 'telescope_monitoring', 'my_document_cats', 'media_actors', 'event_registers', 'news_folders', 'face_data', 'asset_categories', 'file_refers', 'order_ships', 'tag_demos', 'gia_pha_users', 'transport_infos', 'departments', 'department_users', 'payments', 'event_send_info_logs', 'event_user_groups', 'roles', 'media_authors', 'money_and_tags', 'media_links', 'personal_access_tokens', 'quiz_user_classes', 'event_send_actions', 'demo_and_tag_tbls', 'user_clouds', 'assets', 'event_settings', 'plan_names', 'log_users', 'test_mongo1s', 'menu_trees', 'demo_tbls', 'department_events', 'cart_items', 'file_clouds', 'cache_key_values', 'don_vi_hanh_chinhs', 'event_send_email_logs', 'typing_test_results', 'telescope_entries_tags', 'folder_files', 'todo2s', 'quiz_classes', 'partner_infos', 'money_tags', 'product_images', 'typing_lessons', 'event_user_infos', 'zalo_messages', 'spendings', 'crm_messages', 'user_groups', 'cache_key_value', 'event_and_users', 'notifications', 'demo_sub1s', 'product_tags', 'telesales', 'media_vendors', 'conference_infos', 'cloud_transfer', 'quiz_session_info_tests', 'product_attributes', 'tags', 'uploader_infos', 'plan_defines', 'quiz_user_and_tests', 'menus', 'tree_mng_col_fixes', 'download_logs', 'news', 'quiz_user_answers', 'cost_items', 'block_uis', 'carts', 'product_variants', 'file_uploads', 'categories', 'members_members', 'quiz_questions', 'skus_product_variant_options', 'skus', 'my_documents', 'media_cats', 'permissions', 'crm_message_groups', 'affiliate_logs', 'rand_table', 'permission_role', 'product_usages', 'cloud_servers', 'quiz_choices', 'site_mngs', 'plan_define_values', 'role_user', 'telescope_entries', 'gia_phas', 'order_items', 'model_meta_infos', 'demo_folder_tbls', 'network_marketings', 'event_face_infos', 'crm_app_infos', 'quiz_tests', 'event_infos']\n\n================================================================================\nğŸ‰ ALL CRITICAL TESTS PASSED!\nğŸ’¡ Models are compatible with database schema.\nğŸ“ Note: There are some warnings above - please review them.\nğŸ•’ Test completed at: 2025-09-12 19:46:48\n\nğŸ Test finished with exit code: 0\n"
    },
    {
      "file": "E:\\Projects\\monitor_2025\\tests\\02.test-create-local-db.py",
      "name": "02.test-create-local-db",
      "status": "PASSED",
      "successes": 24,
      "errors": 0,
      "duration": 0.2,
      "start_time": "2025-09-12 19:46:51",
      "end_time": "2025-09-12 19:46:51",
      "summary": "================================================================================\nâœ… Successes: 24\nâš ï¸ Warnings:  0\nâŒ Errors:    0",
      "error_messages": [
        "âŒ Errors:    0"
      ],
      "exit_code": 0,
      "raw_output": "ğŸ”— Database: MYSQL on 12.0.0.54:3306/glx_monitor_v2\nğŸš€ Starting Local Database Creation Test...\nğŸ•’ Test started at: 2025-09-12 19:46:51\nğŸ§ª LOCAL DATABASE CREATION TEST\nğŸ•’ Test started at: 2025-09-12 19:46:51\n================================================================================\n\n======================================================================\nTEST 1: MYSQL LOCAL CONNECTION\n======================================================================\nâœ… MySQL connection successful\nâœ… MySQL version: 10.4.32-MariaDB\nâœ… Connected as: root@localhost\n\n======================================================================\nTEST 2: CREATE DATABASE\n======================================================================\nâœ… Dropped existing database 'monitor_test' (if existed)\nâœ… Created database 'monitor_test'\nâœ… Database 'monitor_test' verified\n\n======================================================================\nTEST 3: CREATE TABLES FROM MODELS\n======================================================================\nâœ… All tables created from SQLAlchemy models\nğŸ“‹ Expected tables: ['monitor_items', 'monitor_configs', 'monitor_and_configs', 'monitor_settings', 'users']\nğŸ“‹ Created tables: ['monitor_and_configs', 'monitor_configs', 'monitor_items', 'monitor_settings', 'users']\nâœ… Table 'monitor_items' created successfully\nâœ… Table 'monitor_configs' created successfully\nâœ… Table 'monitor_and_configs' created successfully\nâœ… Table 'monitor_settings' created successfully\nâœ… Table 'users' created successfully\n\n======================================================================\nTEST 4: INSERT SAMPLE DATA\n======================================================================\nğŸ“ Inserting sample users...\nâœ… Inserted 2 sample users\nğŸ“ Inserting sample monitor settings...\nâœ… Inserted 2 sample monitor settings\nğŸ“ Inserting sample monitor configs...\nâœ… Inserted 3 sample monitor configs\nğŸ“ Inserting sample monitor items...\nâœ… Inserted 5 sample monitor items\nğŸ“ Inserting sample monitor-config relationships...\nâœ… Inserted 6 monitor-config relationships\n\n======================================================================\nTEST 5: VERIFY DATA INTEGRITY\n======================================================================\nâœ… Table 'users': 2 records\nâœ… Table 'monitor_settings': 2 records\nâœ… Table 'monitor_configs': 3 records\nâœ… Table 'monitor_items': 5 records\nâœ… Table 'monitor_and_configs': 6 records\n\nğŸ“Š Testing data relationships:\n   ğŸ“Œ 'Google DNS Check' â†’ 'Local Telegram Test' (telegram)\n   ğŸ“Œ 'Google DNS Check' â†’ 'Local Webhook Test' (webhook)\n   ğŸ“Œ 'Google Website Check' â†’ 'Local Telegram Test' (telegram)\n   ğŸ“Œ 'Local Web Server' â†’ 'Email Alert Test' (email)\n   ğŸ“Œ 'SSL Certificate Check' â†’ 'Local Telegram Test' (telegram)\nâœ… Found 5 monitor-config relationships\n   ğŸ‘¤ 'admin_user' (admin@localhost.com) - Alert time: 06:00-23:00\n   ğŸ‘¤ 'test_user' (test@localhost.com) - Alert time: 08:00-22:00\nâœ… Verified 2 users and their settings\n\n================================================================================\nğŸ“Š TEST SUMMARY\n================================================================================\nâœ… Successes: 24\nâš ï¸ Warnings:  0\nâŒ Errors:    0\n\n================================================================================\nğŸ‰ ALL TESTS PASSED!\nğŸ’¾ Local database 'monitor_test' created successfully\nğŸ”— Connection string: mysql+pymysql://root:@localhost:3306/monitor_test\nğŸ“Š 5 tables created with sample data\n\nğŸš€ Ready for local development and testing!\n\nğŸ“ Next steps:\n   1. Update .env.test with local database settings\n   2. Test monitor service with --test flag\n   3. Verify API endpoints work with local data\nğŸ•’ Test completed at: 2025-09-12 19:46:51\nğŸ•’ Test completed at: 2025-09-12 19:46:51\nâ±ï¸  Test duration: 0.20 seconds\nğŸ Test finished with exit code: 0\n"
    },
    {
      "file": "E:\\Projects\\monitor_2025\\tests\\03.test-api-endpoints-create-new-console-ok.py",
      "name": "03.test-api-endpoints-create-new-console-ok",
      "status": "FAILED",
      "successes": 0,
      "errors": 2,
      "duration": 13.0,
      "start_time": "2025-09-12 19:46:54",
      "end_time": "2025-09-12 19:47:07",
      "summary": "================================================================================\nâœ… Successes: 0\nâŒ Errors: 2",
      "error_messages": [
        "âŒ API server not responding",
        "âŒ Cannot proceed with tests - API server not available",
        "âŒ Errors: 2"
      ],
      "exit_code": 1,
      "raw_output": "ğŸ§ª API ENDPOINTS TEST WITH AUTHENTICATION\nğŸ” Credentials: admin / test123\nğŸ•’ Test started at: 2025-09-12 19:46:54\n================================================================================\nğŸš€ Starting API server...\n   ğŸ“‹ Executing: python monitor_service.py start --test\n   â±ï¸ Waiting 5 seconds for server startup...\n   ğŸ” Testing server response...\nâŒ API server not responding\nâŒ Cannot proceed with tests - API server not available\n\nğŸ“Œ No server to stop\n\n================================================================================\nğŸ“Š TEST SUMMARY\n================================================================================\nâœ… Successes: 0\nâŒ Errors: 2\n\nğŸ”¥ ERRORS:\n  - API server not responding\n  - Cannot proceed with tests - API server not available\n\nğŸ’¥ 2 TESTS FAILED!\nğŸ•’ Test completed at: 2025-09-12 19:47:07\n"
    },
    {
      "file": "E:\\Projects\\monitor_2025\\tests\\03.test-api-endpoints.py",
      "name": "03.test-api-endpoints",
      "status": "FAILED",
      "successes": 0,
      "errors": 2,
      "duration": 16.17,
      "start_time": "2025-09-12 19:47:09",
      "end_time": "2025-09-12 19:47:25",
      "summary": "================================================================================\nâœ… Successes: 0\nâŒ Errors: 2",
      "error_messages": [
        "âŒ API server not responding",
        "âŒ Cannot proceed with tests - API server not available",
        "âŒ Errors: 2"
      ],
      "exit_code": 1,
      "raw_output": "ğŸ•’ Test started at: 2025-09-12 19:47:09\nğŸ§ª API ENDPOINTS TEST WITH AUTHENTICATION\nğŸ” Credentials: admin / test123\nğŸ•’ Test started at: 2025-09-12 19:47:09\n================================================================================\nğŸš€ Starting API server...\n   ğŸ“‹ Executing: python monitor_service.py start --test\n   â±ï¸ Waiting 8 seconds for server startup...\n   ğŸ” Testing server response...\nâŒ API server not responding\nâŒ Cannot proceed with tests - API server not available\n\nğŸ“Œ No server to stop\n\n================================================================================\nğŸ“Š TEST SUMMARY\n================================================================================\nâœ… Successes: 0\nâŒ Errors: 2\n\nğŸ”¥ ERRORS:\n  - API server not responding\n  - Cannot proceed with tests - API server not available\n\nğŸ’¥ 2 TESTS FAILED!\nğŸ•’ Test completed at: 2025-09-12 19:47:25\nâ±ï¸  Test duration: 16.17 seconds\n"
    },
    {
      "file": "E:\\Projects\\monitor_2025\\tests\\05.test-enable-disable.py",
      "name": "05.test-enable-disable",
      "status": "FAILED",
      "successes": 1,
      "errors": 1,
      "duration": 20.18,
      "start_time": "2025-09-12 19:47:28",
      "end_time": "2025-09-12 19:47:48",
      "summary": "================================================================================\nâœ… Successes: 1\nâŒ Errors: 1",
      "error_messages": [
        "âŒ Server not responding",
        "âŒ Errors: 1"
      ],
      "exit_code": 1,
      "raw_output": "ğŸ§ª Starting Dynamic Monitor Control Test...\nğŸ•’ Test started at: 2025-09-12 19:47:28\nğŸ§ª DYNAMIC MONITOR CONTROL TEST\nğŸ”„ Testing real-time enable/disable functionality\nğŸ•’ Test started at: 2025-09-12 19:47:28\n================================================================================\nğŸš€ Starting monitor service...\n   ğŸ“‹ Executing: python monitor_service.py start --test\n   â±ï¸ Waiting 8 seconds for server startup...\nâŒ Server not responding\nğŸ›‘ Stopping monitor service...\nâœ… Monitor service stopped\n\n================================================================================\nğŸ“Š DYNAMIC CONTROL TEST SUMMARY\n================================================================================\nâœ… Successes: 1\nâŒ Errors: 1\n\nğŸ”¥ ERRORS:\n  - Server not responding\n\nğŸ’¥ 1 ISSUES DETECTED!\nğŸš¨ Dynamic control needs attention\nğŸ•’ Test completed at: 2025-09-12 19:47:48\nâ±ï¸  Test duration: 20.18 seconds\n"
    },
    {
      "file": "E:\\Projects\\monitor_2025\\tests\\06.test-webhook-alerts.py",
      "name": "06.test-webhook-alerts",
      "status": "FAILED",
      "successes": 1,
      "errors": 1,
      "duration": 20.19,
      "start_time": "2025-09-12 19:47:50",
      "end_time": "2025-09-12 19:48:11",
      "summary": "================================================================================\nâœ… Successes: 1\nâŒ Errors: 1",
      "error_messages": [
        "âŒ Server not responding",
        "âŒ Errors: 1"
      ],
      "exit_code": 1,
      "raw_output": "ğŸ§ª Starting Webhook Alert Test...\nğŸ•’ Test started at: 2025-09-12 19:47:50\nğŸ§ª WEBHOOK ALERT TEST\nğŸ“¨ Testing webhook alert system\nğŸ•’ Test started at: 2025-09-12 19:47:50\n================================================================================\nğŸš€ Starting monitor service...\nâŒ Server not responding\nğŸ“‹ âœ… Test data cleanup (already done in cleanup_all_monitors_configs)\nğŸ›‘ Stopping monitor service...\nâœ… Monitor service stopped\n\n================================================================================\nğŸ“Š WEBHOOK ALERT TEST SUMMARY\n================================================================================\nâœ… Successes: 1\nâŒ Errors: 1\n\nğŸ”¥ ERRORS:\n  - Server not responding\n\nğŸ’¥ WEBHOOK ALERT TEST FAILED!\nğŸš¨ Webhook system needs attention\nğŸ•’ Test completed at: 2025-09-12 19:48:11\nâ±ï¸  Test duration: 20.19 seconds\n"
    },
    {
      "file": "E:\\Projects\\monitor_2025\\tests\\07.test-telegram-alerts.py",
      "name": "07.test-telegram-alerts",
      "status": "FAILED",
      "successes": 2,
      "errors": 1,
      "duration": 20.21,
      "start_time": "2025-09-12 19:48:13",
      "end_time": "2025-09-12 19:48:33",
      "summary": "================================================================================\nâœ… Successes: 2\nâŒ Errors: 1",
      "error_messages": [
        "âŒ Server not responding",
        "âŒ Errors: 1"
      ],
      "exit_code": 1,
      "raw_output": "ğŸ§ª Starting Telegram Alert Test...\nğŸ•’ Test started at: 2025-09-12 19:48:13\nâœ… âœ… Loaded Telegram config from E:\\Projects\\monitor_2025\\.env.telegram\nğŸ“‹    Bot Token: 8040174107:AAE-XqU-X...\nğŸ“‹    Chat ID: -4878499254\nğŸ§ª TELEGRAM ALERT TEST\nğŸ“± Testing telegram alert system\nğŸ•’ Test started at: 2025-09-12 19:48:13\n================================================================================\nğŸš€ Starting monitor service...\nâŒ Server not responding\nğŸ“‹ âœ… Test data cleanup (already done in cleanup_all_monitors_configs)\nğŸ›‘ Stopping monitor service...\nâœ… Monitor service stopped\n\n================================================================================\nğŸ“Š TELEGRAM ALERT TEST SUMMARY\n================================================================================\nâœ… Successes: 2\nâŒ Errors: 1\n\nğŸ”¥ ERRORS:\n  - Server not responding\n\nğŸ’¥ TELEGRAM ALERT TEST FAILED!\nğŸš¨ Telegram system needs attention\nğŸ•’ Test completed at: 2025-09-12 19:48:33\nâ±ï¸  Test duration: 20.21 seconds\n"
    }
  ]
}